#! /usr/bin/vvp
:ivl_version "10.3 (stable)";
:ivl_delay_selection "TYPICAL";
:vpi_time_precision + 0;
:vpi_module "system";
:vpi_module "vhdl_sys";
:vpi_module "v2005_math";
:vpi_module "va_math";
S_0x55866aaf28d0 .scope module, "gates" "gates" 2 5;
 .timescale 0 0;
    .port_info 0 /INPUT 1 "a_in"
    .port_info 1 /INPUT 1 "b_in"
    .port_info 2 /OUTPUT 1 "y_out"
o0x7fd737b9e018 .functor BUFZ 1, C4<z>; HiZ drive
v0x55866ab24e30_0 .net "a_in", 0 0, o0x7fd737b9e018;  0 drivers
o0x7fd737b9e048 .functor BUFZ 1, C4<z>; HiZ drive
v0x55866ab24ed0_0 .net "b_in", 0 0, o0x7fd737b9e048;  0 drivers
RS_0x7fd737b9e078 .resolv tri, L_0x55866ab04c80, L_0x55866ab28a00, L_0x55866ab28a70, L_0x55866ab28b50, L_0x55866ab28f40, L_0x55866ab29620, L_0x55866ab29720, L_0x55866ab297b0;
v0x55866ab24f90_0 .net8 "y_out", 0 0, RS_0x7fd737b9e078;  8 drivers
S_0x55866aaf1550 .scope module, "AND" "and_gate" 2 11, 2 51 0, S_0x55866aaf28d0;
 .timescale 0 0;
    .port_info 0 /INPUT 1 "a_in"
    .port_info 1 /INPUT 1 "b_in"
    .port_info 2 /OUTPUT 1 "y_out"
L_0x55866ab04c80 .functor AND 1, o0x7fd737b9e018, o0x7fd737b9e048, C4<1>, C4<1>;
v0x55866ab04e60_0 .net "a_in", 0 0, o0x7fd737b9e018;  alias, 0 drivers
v0x55866ab22410_0 .net "b_in", 0 0, o0x7fd737b9e048;  alias, 0 drivers
v0x55866ab224d0_0 .net8 "y_out", 0 0, RS_0x7fd737b9e078;  alias, 8 drivers
S_0x55866ab225f0 .scope module, "BUFFER" "buffer" 2 45, 2 134 0, S_0x55866aaf28d0;
 .timescale 0 0;
    .port_info 0 /INPUT 1 "a_in"
    .port_info 1 /OUTPUT 1 "y_out"
L_0x55866ab297b0 .functor NOT 1, o0x7fd737b9e018, C4<0>, C4<0>, C4<0>;
v0x55866ab227c0_0 .net "a_in", 0 0, o0x7fd737b9e018;  alias, 0 drivers
v0x55866ab22880_0 .net8 "y_out", 0 0, RS_0x7fd737b9e078;  alias, 8 drivers
S_0x55866ab22940 .scope module, "INVERTER" "inverter" 2 41, 2 123 0, S_0x55866aaf28d0;
 .timescale 0 0;
    .port_info 0 /INPUT 1 "a_in"
    .port_info 1 /OUTPUT 1 "y_out"
L_0x55866ab29720 .functor NOT 1, o0x7fd737b9e018, C4<0>, C4<0>, C4<0>;
v0x55866ab22b10_0 .net "a_in", 0 0, o0x7fd737b9e018;  alias, 0 drivers
v0x55866ab22c00_0 .net8 "y_out", 0 0, RS_0x7fd737b9e078;  alias, 8 drivers
S_0x55866ab22d50 .scope module, "NAND" "nand_gate" 2 16, 2 63 0, S_0x55866aaf28d0;
 .timescale 0 0;
    .port_info 0 /INPUT 1 "a_in"
    .port_info 1 /INPUT 1 "b_in"
    .port_info 2 /OUTPUT 1 "y_out"
L_0x55866ab04cf0 .functor AND 1, o0x7fd737b9e018, o0x7fd737b9e048, C4<1>, C4<1>;
L_0x55866ab28a00 .functor NOT 1, L_0x55866ab04cf0, C4<0>, C4<0>, C4<0>;
v0x55866ab22f70_0 .net *"_s0", 0 0, L_0x55866ab04cf0;  1 drivers
v0x55866ab23070_0 .net "a_in", 0 0, o0x7fd737b9e018;  alias, 0 drivers
v0x55866ab23130_0 .net "b_in", 0 0, o0x7fd737b9e048;  alias, 0 drivers
v0x55866ab231d0_0 .net8 "y_out", 0 0, RS_0x7fd737b9e078;  alias, 8 drivers
S_0x55866ab23290 .scope module, "NOR" "nor_gate" 2 26, 2 87 0, S_0x55866aaf28d0;
 .timescale 0 0;
    .port_info 0 /INPUT 1 "a_in"
    .port_info 1 /INPUT 1 "b_in"
    .port_info 2 /OUTPUT 1 "y_out"
L_0x55866ab28ae0 .functor OR 1, o0x7fd737b9e018, o0x7fd737b9e048, C4<0>, C4<0>;
L_0x55866ab28b50 .functor NOT 1, L_0x55866ab28ae0, C4<0>, C4<0>, C4<0>;
v0x55866ab23500_0 .net *"_s0", 0 0, L_0x55866ab28ae0;  1 drivers
v0x55866ab23600_0 .net "a_in", 0 0, o0x7fd737b9e018;  alias, 0 drivers
v0x55866ab236c0_0 .net "b_in", 0 0, o0x7fd737b9e048;  alias, 0 drivers
v0x55866ab23760_0 .net8 "y_out", 0 0, RS_0x7fd737b9e078;  alias, 8 drivers
S_0x55866ab23840 .scope module, "OR" "or_gate" 2 21, 2 75 0, S_0x55866aaf28d0;
 .timescale 0 0;
    .port_info 0 /INPUT 1 "a_in"
    .port_info 1 /INPUT 1 "b_in"
    .port_info 2 /OUTPUT 1 "y_out"
L_0x55866ab28a70 .functor OR 1, o0x7fd737b9e018, o0x7fd737b9e048, C4<0>, C4<0>;
v0x55866ab23a10_0 .net "a_in", 0 0, o0x7fd737b9e018;  alias, 0 drivers
v0x55866ab23ad0_0 .net "b_in", 0 0, o0x7fd737b9e048;  alias, 0 drivers
v0x55866ab23b90_0 .net8 "y_out", 0 0, RS_0x7fd737b9e078;  alias, 8 drivers
S_0x55866ab23c70 .scope module, "XNOR" "xnor_gate" 2 36, 2 111 0, S_0x55866aaf28d0;
 .timescale 0 0;
    .port_info 0 /INPUT 1 "a_in"
    .port_info 1 /INPUT 1 "b_in"
    .port_info 2 /OUTPUT 1 "y_out"
L_0x55866ab29050 .functor NOT 1, o0x7fd737b9e048, C4<0>, C4<0>, C4<0>;
L_0x55866ab290c0 .functor AND 1, o0x7fd737b9e018, L_0x55866ab29050, C4<1>, C4<1>;
L_0x55866ab291a0 .functor NOT 1, o0x7fd737b9e018, C4<0>, C4<0>, C4<0>;
L_0x55866ab29420 .functor AND 1, L_0x55866ab291a0, o0x7fd737b9e048, C4<1>, C4<1>;
L_0x55866ab29510 .functor OR 1, L_0x55866ab290c0, L_0x55866ab29420, C4<0>, C4<0>;
L_0x55866ab29620 .functor NOT 1, L_0x55866ab29510, C4<0>, C4<0>, C4<0>;
v0x55866ab23e90_0 .net *"_s0", 0 0, L_0x55866ab29050;  1 drivers
v0x55866ab23f90_0 .net *"_s2", 0 0, L_0x55866ab290c0;  1 drivers
v0x55866ab24070_0 .net *"_s4", 0 0, L_0x55866ab291a0;  1 drivers
v0x55866ab24130_0 .net *"_s6", 0 0, L_0x55866ab29420;  1 drivers
v0x55866ab24210_0 .net *"_s8", 0 0, L_0x55866ab29510;  1 drivers
v0x55866ab24340_0 .net "a_in", 0 0, o0x7fd737b9e018;  alias, 0 drivers
v0x55866ab243e0_0 .net "b_in", 0 0, o0x7fd737b9e048;  alias, 0 drivers
v0x55866ab24510_0 .net8 "y_out", 0 0, RS_0x7fd737b9e078;  alias, 8 drivers
S_0x55866ab24630 .scope module, "XOR" "xor_gate" 2 31, 2 99 0, S_0x55866aaf28d0;
 .timescale 0 0;
    .port_info 0 /INPUT 1 "a_in"
    .port_info 1 /INPUT 1 "b_in"
    .port_info 2 /OUTPUT 1 "y_out"
L_0x55866ab28c10 .functor NOT 1, o0x7fd737b9e048, C4<0>, C4<0>, C4<0>;
L_0x55866ab28ca0 .functor AND 1, o0x7fd737b9e018, L_0x55866ab28c10, C4<1>, C4<1>;
L_0x55866ab28db0 .functor NOT 1, o0x7fd737b9e018, C4<0>, C4<0>, C4<0>;
L_0x55866ab28e20 .functor AND 1, L_0x55866ab28db0, o0x7fd737b9e048, C4<1>, C4<1>;
L_0x55866ab28f40 .functor OR 1, L_0x55866ab28ca0, L_0x55866ab28e20, C4<0>, C4<0>;
v0x55866ab24800_0 .net *"_s0", 0 0, L_0x55866ab28c10;  1 drivers
v0x55866ab24900_0 .net *"_s2", 0 0, L_0x55866ab28ca0;  1 drivers
v0x55866ab249e0_0 .net *"_s4", 0 0, L_0x55866ab28db0;  1 drivers
v0x55866ab24aa0_0 .net *"_s6", 0 0, L_0x55866ab28e20;  1 drivers
v0x55866ab24b80_0 .net "a_in", 0 0, o0x7fd737b9e018;  alias, 0 drivers
v0x55866ab24c70_0 .net "b_in", 0 0, o0x7fd737b9e048;  alias, 0 drivers
v0x55866ab24d10_0 .net8 "y_out", 0 0, RS_0x7fd737b9e078;  alias, 8 drivers
S_0x55866aaf4010 .scope module, "tb_gates" "tb_gates" 3 3;
 .timescale 0 0;
v0x55866ab27f10_0 .var "a_in", 0 0;
v0x55866ab280c0_0 .var "b_in", 0 0;
v0x55866ab28180_0 .var/i "i", 31 0;
v0x55866ab28220_0 .net "o_and", 0 0, L_0x55866ab29a70;  1 drivers
v0x55866ab282f0_0 .net "o_buf", 0 0, L_0x55866ab2abc0;  1 drivers
v0x55866ab283e0_0 .net "o_inv", 0 0, L_0x55866ab2aae0;  1 drivers
v0x55866ab284b0_0 .net "o_nand", 0 0, L_0x55866ab29c00;  1 drivers
v0x55866ab28580_0 .net "o_nor", 0 0, L_0x55866ab29ec0;  1 drivers
v0x55866ab28650_0 .net "o_or", 0 0, L_0x55866ab29d30;  1 drivers
v0x55866ab28720_0 .net "o_xnor", 0 0, L_0x55866ab2a990;  1 drivers
v0x55866ab287f0_0 .net "o_xor", 0 0, L_0x55866ab2a290;  1 drivers
S_0x55866ab25070 .scope module, "AND_GATE" "and_gate" 3 19, 2 51 0, S_0x55866aaf4010;
 .timescale 0 0;
    .port_info 0 /INPUT 1 "a_in"
    .port_info 1 /INPUT 1 "b_in"
    .port_info 2 /OUTPUT 1 "y_out"
L_0x55866ab29a70 .functor AND 1, v0x55866ab27f10_0, v0x55866ab280c0_0, C4<1>, C4<1>;
v0x55866ab252b0_0 .net "a_in", 0 0, v0x55866ab27f10_0;  1 drivers
v0x55866ab25390_0 .net "b_in", 0 0, v0x55866ab280c0_0;  1 drivers
v0x55866ab25450_0 .net "y_out", 0 0, L_0x55866ab29a70;  alias, 1 drivers
S_0x55866ab255a0 .scope module, "BUFFER" "buffer" 3 60, 2 134 0, S_0x55866aaf4010;
 .timescale 0 0;
    .port_info 0 /INPUT 1 "a_in"
    .port_info 1 /OUTPUT 1 "y_out"
L_0x55866ab2abc0 .functor NOT 1, v0x55866ab27f10_0, C4<0>, C4<0>, C4<0>;
v0x55866ab25770_0 .net "a_in", 0 0, v0x55866ab27f10_0;  alias, 1 drivers
v0x55866ab25860_0 .net "y_out", 0 0, L_0x55866ab2abc0;  alias, 1 drivers
S_0x55866ab25960 .scope module, "INVERTER" "inverter" 3 55, 2 123 0, S_0x55866aaf4010;
 .timescale 0 0;
    .port_info 0 /INPUT 1 "a_in"
    .port_info 1 /OUTPUT 1 "y_out"
L_0x55866ab2aae0 .functor NOT 1, v0x55866ab27f10_0, C4<0>, C4<0>, C4<0>;
v0x55866ab25b60_0 .net "a_in", 0 0, v0x55866ab27f10_0;  alias, 1 drivers
v0x55866ab25c50_0 .net "y_out", 0 0, L_0x55866ab2aae0;  alias, 1 drivers
S_0x55866ab25d70 .scope module, "NAND_GATE" "nand_gate" 3 25, 2 63 0, S_0x55866aaf4010;
 .timescale 0 0;
    .port_info 0 /INPUT 1 "a_in"
    .port_info 1 /INPUT 1 "b_in"
    .port_info 2 /OUTPUT 1 "y_out"
L_0x55866ab29b70 .functor AND 1, v0x55866ab27f10_0, v0x55866ab280c0_0, C4<1>, C4<1>;
L_0x55866ab29c00 .functor NOT 1, L_0x55866ab29b70, C4<0>, C4<0>, C4<0>;
v0x55866ab25f90_0 .net *"_s0", 0 0, L_0x55866ab29b70;  1 drivers
v0x55866ab26090_0 .net "a_in", 0 0, v0x55866ab27f10_0;  alias, 1 drivers
v0x55866ab26150_0 .net "b_in", 0 0, v0x55866ab280c0_0;  alias, 1 drivers
v0x55866ab26220_0 .net "y_out", 0 0, L_0x55866ab29c00;  alias, 1 drivers
S_0x55866ab26300 .scope module, "NOR_GATE" "nor_gate" 3 37, 2 87 0, S_0x55866aaf4010;
 .timescale 0 0;
    .port_info 0 /INPUT 1 "a_in"
    .port_info 1 /INPUT 1 "b_in"
    .port_info 2 /OUTPUT 1 "y_out"
L_0x55866ab29e30 .functor OR 1, v0x55866ab27f10_0, v0x55866ab280c0_0, C4<0>, C4<0>;
L_0x55866ab29ec0 .functor NOT 1, L_0x55866ab29e30, C4<0>, C4<0>, C4<0>;
v0x55866ab26570_0 .net *"_s0", 0 0, L_0x55866ab29e30;  1 drivers
v0x55866ab26670_0 .net "a_in", 0 0, v0x55866ab27f10_0;  alias, 1 drivers
v0x55866ab26730_0 .net "b_in", 0 0, v0x55866ab280c0_0;  alias, 1 drivers
v0x55866ab267d0_0 .net "y_out", 0 0, L_0x55866ab29ec0;  alias, 1 drivers
S_0x55866ab268d0 .scope module, "OR_GATE" "or_gate" 3 31, 2 75 0, S_0x55866aaf4010;
 .timescale 0 0;
    .port_info 0 /INPUT 1 "a_in"
    .port_info 1 /INPUT 1 "b_in"
    .port_info 2 /OUTPUT 1 "y_out"
L_0x55866ab29d30 .functor OR 1, v0x55866ab27f10_0, v0x55866ab280c0_0, C4<0>, C4<0>;
v0x55866ab26af0_0 .net "a_in", 0 0, v0x55866ab27f10_0;  alias, 1 drivers
v0x55866ab26bb0_0 .net "b_in", 0 0, v0x55866ab280c0_0;  alias, 1 drivers
v0x55866ab26c70_0 .net "y_out", 0 0, L_0x55866ab29d30;  alias, 1 drivers
S_0x55866ab26d70 .scope module, "XNOR_GATE" "xnor_gate" 3 49, 2 111 0, S_0x55866aaf4010;
 .timescale 0 0;
    .port_info 0 /INPUT 1 "a_in"
    .port_info 1 /INPUT 1 "b_in"
    .port_info 2 /OUTPUT 1 "y_out"
L_0x55866ab2a3f0 .functor NOT 1, v0x55866ab280c0_0, C4<0>, C4<0>, C4<0>;
L_0x55866ab2a460 .functor AND 1, v0x55866ab27f10_0, L_0x55866ab2a3f0, C4<1>, C4<1>;
L_0x55866ab2a540 .functor NOT 1, v0x55866ab27f10_0, C4<0>, C4<0>, C4<0>;
L_0x55866ab2a7c0 .functor AND 1, L_0x55866ab2a540, v0x55866ab280c0_0, C4<1>, C4<1>;
L_0x55866ab2a880 .functor OR 1, L_0x55866ab2a460, L_0x55866ab2a7c0, C4<0>, C4<0>;
L_0x55866ab2a990 .functor NOT 1, L_0x55866ab2a880, C4<0>, C4<0>, C4<0>;
v0x55866ab26f90_0 .net *"_s0", 0 0, L_0x55866ab2a3f0;  1 drivers
v0x55866ab27090_0 .net *"_s2", 0 0, L_0x55866ab2a460;  1 drivers
v0x55866ab27170_0 .net *"_s4", 0 0, L_0x55866ab2a540;  1 drivers
v0x55866ab27260_0 .net *"_s6", 0 0, L_0x55866ab2a7c0;  1 drivers
v0x55866ab27340_0 .net *"_s8", 0 0, L_0x55866ab2a880;  1 drivers
v0x55866ab27470_0 .net "a_in", 0 0, v0x55866ab27f10_0;  alias, 1 drivers
v0x55866ab27510_0 .net "b_in", 0 0, v0x55866ab280c0_0;  alias, 1 drivers
v0x55866ab275b0_0 .net "y_out", 0 0, L_0x55866ab2a990;  alias, 1 drivers
S_0x55866ab276f0 .scope module, "XOR_GATE" "xor_gate" 3 43, 2 99 0, S_0x55866aaf4010;
 .timescale 0 0;
    .port_info 0 /INPUT 1 "a_in"
    .port_info 1 /INPUT 1 "b_in"
    .port_info 2 /OUTPUT 1 "y_out"
L_0x55866ab29ff0 .functor NOT 1, v0x55866ab280c0_0, C4<0>, C4<0>, C4<0>;
L_0x55866ab2a080 .functor AND 1, v0x55866ab27f10_0, L_0x55866ab29ff0, C4<1>, C4<1>;
L_0x55866ab2a160 .functor NOT 1, v0x55866ab27f10_0, C4<0>, C4<0>, C4<0>;
L_0x55866ab2a1d0 .functor AND 1, L_0x55866ab2a160, v0x55866ab280c0_0, C4<1>, C4<1>;
L_0x55866ab2a290 .functor OR 1, L_0x55866ab2a080, L_0x55866ab2a1d0, C4<0>, C4<0>;
v0x55866ab278c0_0 .net *"_s0", 0 0, L_0x55866ab29ff0;  1 drivers
v0x55866ab279c0_0 .net *"_s2", 0 0, L_0x55866ab2a080;  1 drivers
v0x55866ab27aa0_0 .net *"_s4", 0 0, L_0x55866ab2a160;  1 drivers
v0x55866ab27b60_0 .net *"_s6", 0 0, L_0x55866ab2a1d0;  1 drivers
v0x55866ab27c40_0 .net "a_in", 0 0, v0x55866ab27f10_0;  alias, 1 drivers
v0x55866ab27d30_0 .net "b_in", 0 0, v0x55866ab280c0_0;  alias, 1 drivers
v0x55866ab27dd0_0 .net "y_out", 0 0, L_0x55866ab2a290;  alias, 1 drivers
    .scope S_0x55866aaf4010;
T_0 ;
    %vpi_call 3 66 "$dumpfile", "tb_gates.vcd" {0 0 0};
    %vpi_call 3 67 "$dumpvars", 32'sb00000000000000000000000000000000 {0 0 0};
    %end;
    .thread T_0;
    .scope S_0x55866aaf4010;
T_1 ;
    %pushi/vec4 0, 0, 1;
    %store/vec4 v0x55866ab27f10_0, 0, 1;
    %pushi/vec4 0, 0, 1;
    %store/vec4 v0x55866ab280c0_0, 0, 1;
    %end;
    .thread T_1;
    .scope S_0x55866aaf4010;
T_2 ;
    %pushi/vec4 0, 0, 32;
    %store/vec4 v0x55866ab28180_0, 0, 32;
T_2.0 ;
    %load/vec4 v0x55866ab28180_0;
    %cmpi/s 4, 0, 32;
    %jmp/0xz T_2.1, 5;
    %delay 10, 0;
    %load/vec4 v0x55866ab28180_0;
    %pad/s 2;
    %split/vec4 1;
    %store/vec4 v0x55866ab280c0_0, 0, 1;
    %store/vec4 v0x55866ab27f10_0, 0, 1;
    %load/vec4 v0x55866ab28180_0;
    %addi 1, 0, 32;
    %store/vec4 v0x55866ab28180_0, 0, 32;
    %jmp T_2.0;
T_2.1 ;
    %end;
    .thread T_2;
    .scope S_0x55866aaf4010;
T_3 ;
    %vpi_call 3 82 "$display", "a_in\011b_in\011o_and\011o_nand\011o_or\011o_nor\011o_xor\011o_xnor\011o_inv\011o_buf" {0 0 0};
    %vpi_call 3 83 "$monitor", v0x55866ab27f10_0, "\011", v0x55866ab280c0_0, "\011", v0x55866ab28220_0, "\011", v0x55866ab284b0_0, "\011", v0x55866ab28650_0, "\011", v0x55866ab28580_0, "\011", v0x55866ab287f0_0, "\011", v0x55866ab28720_0, "\011", v0x55866ab283e0_0, "\011", v0x55866ab282f0_0 {0 0 0};
    %delay 40, 0;
    %vpi_call 3 84 "$finish" {0 0 0};
    %end;
    .thread T_3;
# The file index is used to find the file name in the following table.
:file_names 4;
    "N/A";
    "<interactive>";
    "./gates.v";
    "tb_gates.v";
